<?xml version="1.0" encoding="UTF-8"?>
<testng-results ignored="0" total="1" passed="1" failed="0" skipped="0">
  <reporter-output>
  </reporter-output>
  <suite started-at="2024-01-22T14:33:05 CST" name="Default suite" finished-at="2024-01-22T14:33:09 CST" duration-ms="3397">
    <groups>
    </groups>
    <test started-at="2024-01-22T14:33:05 CST" name="Default test" finished-at="2024-01-22T14:33:09 CST" duration-ms="3397">
      <class name="restassuredpathandquery.CookiesDemo">
        <test-method signature="getCookiesInfo()[pri:0, instance:restassuredpathandquery.CookiesDemo@54a7079e]" started-at="2024-01-22T14:33:05 CST" name="getCookiesInfo" finished-at="2024-01-22T14:33:09 CST" duration-ms="3307" status="PASS">
          <reporter-output>
          </reporter-output>
        </test-method> <!-- getCookiesInfo -->
      </class> <!-- restassuredpathandquery.CookiesDemo -->
    </test> <!-- Default test -->
  </suite> <!-- Default suite -->
</testng-results>
