<?xml version="1.0" encoding="UTF-8"?>
<testng-results ignored="0" total="1" passed="1" failed="0" skipped="0">
  <reporter-output>
  </reporter-output>
  <suite started-at="2024-01-21T16:41:21 CST" name="Default suite" finished-at="2024-01-21T16:41:24 CST" duration-ms="3003">
    <groups>
    </groups>
    <test started-at="2024-01-21T16:41:21 CST" name="Default test" finished-at="2024-01-21T16:41:24 CST" duration-ms="3003">
      <class name="restassuredvalidation.DiffWaysToCreatePostRequests">
        <test-method signature="postTestUsingPojo()[pri:1, instance:restassuredvalidation.DiffWaysToCreatePostRequests@4659191b]" started-at="2024-01-21T16:41:21 CST" name="postTestUsingPojo" finished-at="2024-01-21T16:41:24 CST" duration-ms="2948" status="PASS">
          <reporter-output>
          </reporter-output>
        </test-method> <!-- postTestUsingPojo -->
      </class> <!-- restassuredvalidation.DiffWaysToCreatePostRequests -->
    </test> <!-- Default test -->
  </suite> <!-- Default suite -->
</testng-results>
