<?xml version="1.0" encoding="UTF-8"?>
<!-- Generated by org.testng.reporters.JUnitXMLReporter -->
<testsuite ignored="0" hostname="DESKTOP-5VI0HAR" failures="0" tests="3" name="Default test" time="4.109" errors="0" timestamp="2024-01-20T15:04:16 CST">
  <testcase classname="restassuredvalidation.HttpRequests" name="createUser" time="3.128"/>
  <testcase classname="restassuredvalidation.HttpRequests" name="updateUser" time="0.562"/>
  <testcase classname="restassuredvalidation.HttpRequests" name="deleteUser" time="0.362"/>
</testsuite> <!-- Default test -->
